<?xml version="1.0" encoding="UTF-8"?>
<!-- Generated by org.testng.reporters.JUnitReportReporter -->
<testsuite hostname="L-156193492" failures="0" tests="1" name="guru.test99.AppTest" time="33.073" errors="0" timestamp="2019-12-02T15:59:08 IST" skipped="0">
  <testcase classname="guru.test99.AppTest" name="test" time="33.073"/>
</testsuite> <!-- guru.test99.AppTest -->
