<?xml version="1.0" encoding="UTF-8"?>
<!-- Generated by org.testng.reporters.JUnitReportReporter -->
<testsuite hostname="L-156193492" failures="0" tests="1" name="guru.test99.AppTest" time="13.770" errors="0" timestamp="2019-11-29T16:57:49 IST" skipped="0">
  <testcase classname="guru.test99.AppTest" name="test" time="13.770"/>
</testsuite> <!-- guru.test99.AppTest -->
